<?xml version="1.0" encoding="UTF-8"?>
<testng-results ignored="0" total="1" passed="1" failed="0" skipped="0">
  <reporter-output>
  </reporter-output>
  <suite started-at="2025-04-02T14:32:27 IST" name="Surefire suite" finished-at="2025-04-02T14:33:02 IST" duration-ms="34542">
    <groups>
    </groups>
    <test started-at="2025-04-02T14:32:27 IST" name="Surefire test" finished-at="2025-04-02T14:33:02 IST" duration-ms="34542">
      <class name="org.example.AppTest">
        <test-method signature="login()[pri:0, instance:org.example.AppTest@12e61fe6]" started-at="2025-04-02T14:32:27 IST" name="login" finished-at="2025-04-02T14:33:02 IST" duration-ms="34447" status="PASS">
          <reporter-output>
          </reporter-output>
        </test-method> <!-- login -->
      </class> <!-- org.example.AppTest -->
    </test> <!-- Surefire test -->
  </suite> <!-- Surefire suite -->
</testng-results>
